[2021-10-23T12:25:42.317] [DEBUG] default - debug
[2021-10-23T12:25:42.319] [INFO] default - info
[2021-10-23T12:25:42.319] [WARN] default - warn
[2021-10-23T12:25:42.319] [ERROR] default - error
[2021-10-23T12:25:42.319] [FATAL] default - fatal
[2021-10-23T12:30:48.519] [INFO] default - info
[2021-10-23T12:30:48.521] [WARN] default - warn
[2021-10-23T12:30:48.521] [ERROR] default - error
[2021-10-23T12:30:48.521] [FATAL] default - fatal
[2021-10-23T12:35:51.837] [INFO] default - infomation
[2021-10-23T12:39:16.790] [INFO] default - infomation
[2021-10-23T12:44:10.840] [INFO] default - infomation
[2021-10-23T13:12:41.234] [INFO] default - infomation
[2021-10-23T13:21:45.977] [INFO] default - infomation
[2021-10-23T14:04:31.184] [INFO] default - infomation
[2021-10-23T14:09:45.995] [INFO] default - infomation
[2021-10-23T14:10:52.470] [INFO] default - infomation
[2021-10-23T14:13:15.597] [INFO] default - infomation
[2021-10-23T14:25:33.615] [INFO] default - infomation
[2021-10-23T14:38:19.916] [INFO] default - infomation
[2021-10-23T14:39:19.408] [INFO] default - infomation
[2021-10-23T14:40:53.111] [INFO] default - infomation
[2021-10-23T15:18:11.553] [INFO] default - infomation
[2021-10-23T15:20:17.297] [INFO] default - infomation
[2021-10-23T15:21:18.935] [INFO] default - infomation
[2021-10-23T15:21:50.754] [INFO] default - infomation
[2021-10-23T15:23:32.518] [INFO] default - infomation
[2021-10-23T15:23:58.213] [INFO] default - infomation
[2021-10-23T15:28:50.181] [INFO] default - infomation
[2021-10-23T15:31:04.789] [INFO] default - infomation
[2021-10-23T19:01:29.299] [INFO] default - infomation
[2021-10-23T19:08:51.158] [INFO] default - infomation
[2021-10-27T18:37:55.395] [INFO] default - infomation
[2021-10-28T00:34:49.758] [INFO] default - infomation
[2021-10-28T00:35:36.668] [INFO] default - infomation
[2021-10-28T00:36:30.569] [INFO] default - infomation
[2021-10-28T00:43:42.130] [INFO] default - infomation
[2021-10-28T00:50:40.349] [INFO] default - infomation
[2021-10-28T00:52:57.755] [INFO] default - infomation
[2021-10-28T08:23:19.044] [INFO] default - infomation
[2021-10-28T23:53:13.474] [INFO] default - infomation
[2021-10-29T00:01:44.952] [INFO] default - infomation
[2021-10-29T00:04:31.985] [INFO] default - infomation
[2021-10-30T16:09:38.307] [INFO] default - infomation
[2021-10-30T16:37:00.117] [INFO] default - infomation
[2021-10-30T16:37:29.035] [INFO] default - infomation
[2021-10-30T16:39:07.729] [INFO] default - infomation
[2021-10-30T16:42:54.374] [INFO] default - infomation
[2021-10-30T16:47:02.920] [INFO] default - infomation
[2021-10-30T17:16:59.046] [INFO] default - infomation
[2021-10-30T17:25:48.155] [INFO] default - infomation
[2021-10-30T17:27:45.561] [INFO] default - infomation
[2021-10-30T17:32:13.494] [INFO] default - infomation
[2021-10-30T17:33:07.262] [INFO] default - infomation
[2021-10-30T17:38:37.910] [INFO] default - infomation
[2021-10-30T17:53:44.210] [INFO] default - infomation
[2021-10-30T17:54:30.438] [INFO] default - infomation
[2021-10-30T17:55:35.248] [INFO] default - infomation
[2021-10-30T17:58:04.426] [INFO] default - infomation
[2021-10-30T18:00:57.067] [INFO] default - infomation
[2021-10-30T18:02:09.661] [INFO] default - infomation
[2021-10-30T18:07:22.266] [INFO] default - infomation
[2021-10-30T18:11:19.577] [INFO] default - infomation
[2021-10-30T18:12:36.251] [INFO] default - infomation
[2021-10-30T18:25:59.913] [INFO] default - infomation
[2021-10-30T18:35:54.439] [INFO] default - infomation
[2021-10-30T18:36:28.605] [INFO] default - infomation
[2021-10-30T21:56:49.847] [INFO] default - infomation
[2021-10-30T21:57:34.029] [INFO] default - infomation
[2021-10-30T21:58:41.245] [INFO] default - infomation
[2021-10-30T22:44:02.870] [INFO] default - infomation
[2021-10-30T22:45:26.823] [INFO] default - infomation
[2021-11-01T12:39:32.343] [INFO] default - infomation
[2021-11-01T18:11:58.285] [INFO] default - infomation
[2021-11-03T11:36:42.152] [INFO] default - infomation
[2021-11-04T23:09:04.966] [INFO] default - infomation
[2021-11-04T23:55:54.407] [INFO] default - infomation
[2021-11-05T00:04:26.507] [INFO] default - infomation
[2021-11-05T00:16:05.470] [INFO] default - infomation
[2021-11-05T00:19:36.120] [INFO] default - infomation
[2021-11-05T00:21:46.529] [INFO] default - infomation
[2021-11-05T00:26:20.865] [INFO] default - infomation
[2021-11-05T00:28:16.368] [INFO] default - infomation
[2021-11-05T00:31:14.615] [INFO] default - infomation
[2021-11-05T00:35:50.480] [INFO] default - infomation
[2021-11-05T00:40:11.771] [INFO] default - infomation
[2021-11-05T00:41:27.374] [INFO] default - infomation
[2021-11-05T00:43:23.799] [INFO] default - infomation
[2021-11-05T00:43:55.523] [INFO] default - infomation
[2021-11-05T00:46:48.316] [INFO] default - infomation
[2021-11-05T00:48:49.037] [INFO] default - infomation
[2021-11-05T00:51:18.362] [INFO] default - infomation
[2021-11-05T00:58:58.286] [INFO] default - infomation
[2021-11-05T00:59:43.956] [INFO] default - infomation
[2021-11-05T01:02:08.448] [INFO] default - infomation
[2021-11-05T01:02:46.440] [INFO] default - infomation
[2021-11-05T01:06:15.194] [INFO] default - infomation
[2021-11-05T08:33:48.743] [INFO] default - infomation
[2021-11-05T08:50:38.794] [INFO] default - infomation
[2021-11-05T08:51:12.976] [INFO] default - infomation
[2021-11-05T08:51:51.628] [INFO] default - infomation
[2021-11-05T08:59:56.108] [INFO] default - infomation
[2021-11-05T09:01:08.166] [INFO] default - infomation
[2021-11-05T10:01:33.171] [INFO] default - infomation
[2021-11-05T11:01:32.830] [INFO] default - infomation
[2021-11-05T11:21:35.994] [INFO] default - infomation
[2021-11-05T12:14:12.842] [INFO] default - infomation
[2021-11-05T12:56:20.570] [INFO] default - infomation
[2021-11-05T18:17:11.851] [INFO] default - infomation
[2021-11-05T18:41:47.809] [INFO] default - infomation
[2021-11-05T18:56:17.065] [INFO] default - infomation
[2021-11-05T19:11:48.519] [INFO] default - infomation
[2021-11-05T19:30:25.066] [INFO] default - infomation
[2021-11-05T19:30:59.768] [INFO] default - infomation
[2021-11-05T19:33:05.091] [INFO] default - infomation
[2021-11-06T09:33:25.053] [INFO] default - infomation
[2021-11-06T10:58:50.326] [INFO] default - infomation
[2021-11-06T11:00:05.410] [INFO] default - infomation
[2021-11-06T11:00:40.607] [INFO] default - infomation
[2021-11-06T11:02:32.204] [INFO] default - infomation
[2021-11-06T11:03:39.753] [INFO] default - infomation
[2021-11-06T11:09:22.912] [INFO] default - infomation
[2021-11-06T11:20:07.875] [INFO] default - infomation
[2021-11-06T11:22:17.291] [INFO] default - infomation
[2021-11-06T11:25:17.516] [INFO] default - infomation
[2021-11-06T11:26:22.073] [INFO] default - infomation
[2021-11-06T11:30:21.244] [INFO] default - infomation
[2021-11-06T11:35:16.499] [INFO] default - infomation
[2021-11-15T12:33:03.417] [INFO] default - infomation
[2021-11-15T13:38:06.891] [INFO] default - infomation
[2021-11-15T13:43:40.094] [INFO] default - infomation
[2021-11-15T15:25:16.295] [INFO] default - infomation
[2021-11-15T15:47:28.022] [INFO] default - infomation
[2021-11-15T15:52:16.104] [INFO] default - infomation
[2021-11-15T16:11:04.775] [INFO] default - infomation
[2021-11-15T16:15:25.008] [INFO] default - infomation
[2021-11-15T16:26:43.117] [INFO] default - infomation
[2021-11-15T17:16:54.635] [INFO] default - infomation
[2021-11-15T22:23:51.750] [INFO] default - infomation
[2021-11-16T00:28:01.855] [INFO] default - infomation
[2021-11-16T00:41:58.710] [INFO] default - infomation
[2021-11-16T00:43:03.454] [INFO] default - infomation
[2021-11-16T08:04:21.515] [INFO] default - infomation
[2021-11-16T08:52:26.415] [INFO] default - infomation
[2021-11-16T08:53:51.099] [INFO] default - infomation
[2021-11-16T08:54:57.300] [INFO] default - infomation
[2021-11-16T08:55:58.258] [INFO] default - infomation
[2021-11-16T08:59:37.481] [INFO] default - infomation
[2021-11-16T09:18:38.499] [INFO] default - infomation
[2021-11-16T09:18:38.490] [INFO] default - infomation
[2021-11-16T09:27:51.340] [INFO] default - infomation
[2021-11-16T09:32:34.765] [INFO] default - infomation
[2021-11-16T09:33:26.307] [INFO] default - infomation
[2021-11-16T09:33:46.322] [INFO] default - infomation
[2021-11-16T09:53:26.637] [INFO] default - infomation
[2021-11-16T11:36:29.035] [INFO] default - infomation
[2021-11-16T12:21:55.696] [INFO] default - infomation
[2021-11-16T12:33:43.865] [INFO] default - infomation
[2021-11-16T12:36:21.274] [INFO] default - infomation
[2021-11-16T12:37:26.103] [INFO] default - infomation
[2021-11-16T12:37:49.145] [INFO] default - infomation
[2021-11-16T12:38:14.712] [INFO] default - infomation
[2021-11-16T12:44:56.366] [INFO] default - infomation
[2021-11-16T13:25:21.474] [INFO] default - infomation
[2021-11-16T13:36:28.124] [INFO] default - infomation
[2021-11-16T13:37:26.300] [INFO] default - infomation
[2021-11-16T13:37:51.383] [INFO] default - infomation
[2021-11-16T13:38:25.338] [INFO] default - infomation
[2021-11-16T13:39:10.373] [INFO] default - infomation
[2021-11-17T08:51:03.802] [INFO] default - infomation
[2021-11-17T08:51:38.485] [INFO] default - infomation
[2021-11-17T10:19:12.185] [INFO] default - infomation
[2021-11-17T10:19:59.643] [INFO] default - infomation
[2021-11-17T10:29:30.401] [INFO] default - infomation
[2021-11-17T10:48:00.167] [INFO] default - infomation
[2021-11-20T14:34:53.860] [INFO] default - infomation
[2021-11-20T15:16:48.787] [INFO] default - infomation
[2021-11-20T15:28:02.819] [INFO] default - infomation
[2021-11-20T15:40:56.038] [INFO] default - infomation
[2021-11-20T15:51:59.839] [INFO] default - infomation
[2021-11-20T15:52:58.290] [INFO] default - infomation
[2021-11-20T16:43:02.125] [INFO] default - infomation
[2021-11-20T16:44:16.809] [INFO] default - infomation
[2021-11-20T16:52:39.734] [INFO] default - infomation
[2021-11-20T16:53:28.585] [INFO] default - infomation
[2021-11-20T20:25:47.730] [INFO] default - infomation
[2021-11-20T22:33:44.813] [INFO] default - infomation
[2021-11-20T23:19:13.280] [INFO] default - infomation
[2021-11-21T00:30:35.295] [INFO] default - infomation
[2021-11-21T09:37:12.928] [INFO] default - infomation
[2021-11-21T09:38:38.156] [INFO] default - infomation
[2021-11-21T09:39:04.138] [INFO] default - infomation
[2021-11-21T09:47:03.620] [INFO] default - infomation
[2021-11-21T09:48:55.365] [INFO] default - infomation
[2021-11-21T09:50:41.830] [INFO] default - infomation
[2021-11-21T09:52:27.837] [INFO] default - infomation
[2021-11-21T09:53:53.149] [INFO] default - infomation
[2021-11-21T09:55:47.050] [INFO] default - infomation
[2021-11-21T09:57:02.869] [INFO] default - infomation
[2021-11-21T10:10:49.175] [INFO] default - infomation
[2021-11-21T10:39:43.259] [INFO] default - infomation
[2021-11-21T10:41:24.927] [INFO] default - infomation
[2021-11-21T10:42:09.521] [INFO] default - infomation
[2021-11-21T10:42:57.501] [INFO] default - infomation
[2021-11-21T11:01:34.938] [INFO] default - infomation
[2021-11-21T11:04:23.670] [INFO] default - infomation
[2021-11-21T11:37:50.192] [INFO] default - infomation
[2021-11-21T19:06:37.222] [INFO] default - infomation
[2021-11-21T19:10:01.070] [INFO] default - infomation
[2021-11-21T19:10:28.616] [INFO] default - infomation
[2021-11-21T21:27:56.574] [INFO] default - infomation
